[27-Dec-2011 14:49:55] PHP Notice:  Undefined variable: form_title in /Users/matt/www/bubble/application/views/task/index.phtml on line 1
[27-Dec-2011 14:49:55] PHP Catchable fatal error:  Object of class Form could not be converted to string in /Users/matt/www/bubble/application/views/task/index.phtml on line 2
[27-Dec-2011 14:49:56] PHP Fatal error:  Class 'Favicon.icoController' not found in /Users/matt/www/bubble/lib/framework/util/brain.php on line 134
[27-Dec-2011 14:52:22] PHP Fatal error:  Class 'Favicon.icoController' not found in /Users/matt/www/bubble/lib/framework/util/brain.php on line 134
[27-Dec-2011 14:53:32] PHP Fatal error:  Class 'Favicon.icoController' not found in /Users/matt/www/bubble/lib/framework/util/brain.php on line 134
[27-Dec-2011 14:53:50] PHP Fatal error:  Class 'Favicon.icoController' not found in /Users/matt/www/bubble/lib/framework/util/brain.php on line 134
[27-Dec-2011 14:53:56] PHP Fatal error:  Class 'Favicon.icoController' not found in /Users/matt/www/bubble/lib/framework/util/brain.php on line 134
[27-Dec-2011 20:03:33] PHP Fatal error:  Class 'Favicon.icoController' not found in /Users/matt/www/bubble/lib/framework/util/brain.php on line 134
[27-Dec-2011 20:03:34] PHP Fatal error:  Class 'Favicon.icoController' not found in /Users/matt/www/bubble/lib/framework/util/brain.php on line 134
[27-Dec-2011 20:06:41] PHP Notice:  Undefined variable: form_title in /Users/matt/www/bubble/application/views/task/index.phtml on line 1
[27-Dec-2011 20:06:41] PHP Catchable fatal error:  Object of class Form could not be converted to string in /Users/matt/www/bubble/application/views/task/index.phtml on line 3
[27-Dec-2011 20:06:41] PHP Fatal error:  Class 'Favicon.icoController' not found in /Users/matt/www/bubble/lib/framework/util/brain.php on line 134
[27-Dec-2011 20:06:50] PHP Fatal error:  Class 'Favicon.icoController' not found in /Users/matt/www/bubble/lib/framework/util/brain.php on line 134
[27-Dec-2011 20:07:05] PHP Fatal error:  Class 'Favicon.icoController' not found in /Users/matt/www/bubble/lib/framework/util/brain.php on line 134
[27-Dec-2011 20:07:09] PHP Fatal error:  Class 'Favicon.icoController' not found in /Users/matt/www/bubble/lib/framework/util/brain.php on line 134
[27-Dec-2011 20:07:24] PHP Fatal error:  Class 'Favicon.icoController' not found in /Users/matt/www/bubble/lib/framework/util/brain.php on line 134
[27-Dec-2011 20:07:33] PHP Fatal error:  Class 'Favicon.icoController' not found in /Users/matt/www/bubble/lib/framework/util/brain.php on line 134
[27-Dec-2011 20:19:31] PHP Fatal error:  Class 'Favicon.icoController' not found in /Users/matt/www/bubble/lib/framework/util/brain.php on line 134
[27-Dec-2011 20:19:33] PHP Fatal error:  Class 'Favicon.icoController' not found in /Users/matt/www/bubble/lib/framework/util/brain.php on line 134
[27-Dec-2011 20:19:34] PHP Fatal error:  Class 'Favicon.icoController' not found in /Users/matt/www/bubble/lib/framework/util/brain.php on line 134
[27-Dec-2011 20:20:36] PHP Fatal error:  Class 'Favicon.icoController' not found in /Users/matt/www/bubble/lib/framework/util/brain.php on line 134
[27-Dec-2011 20:22:16] PHP Notice:  Undefined variable: value in /Users/matt/www/bubble/application/controllers/user/usercontroller.php on line 38
[27-Dec-2011 20:22:19] PHP Notice:  Undefined variable: value in /Users/matt/www/bubble/application/controllers/user/usercontroller.php on line 38
[27-Dec-2011 20:22:19] PHP Notice:  Undefined variable: value in /Users/matt/www/bubble/application/controllers/user/usercontroller.php on line 38
[27-Dec-2011 20:22:30] PHP Notice:  Undefined variable: value in /Users/matt/www/bubble/application/controllers/user/usercontroller.php on line 38
[27-Dec-2011 20:22:31] PHP Notice:  Undefined variable: value in /Users/matt/www/bubble/application/controllers/user/usercontroller.php on line 38
[27-Dec-2011 20:22:31] PHP Notice:  Undefined variable: value in /Users/matt/www/bubble/application/controllers/user/usercontroller.php on line 38
[27-Dec-2011 20:22:31] PHP Notice:  Undefined variable: value in /Users/matt/www/bubble/application/controllers/user/usercontroller.php on line 38
[27-Dec-2011 20:22:32] PHP Notice:  Undefined variable: value in /Users/matt/www/bubble/application/controllers/user/usercontroller.php on line 38
[27-Dec-2011 20:22:32] PHP Notice:  Undefined variable: value in /Users/matt/www/bubble/application/controllers/user/usercontroller.php on line 38
[27-Dec-2011 20:22:32] PHP Notice:  Undefined variable: value in /Users/matt/www/bubble/application/controllers/user/usercontroller.php on line 38
[27-Dec-2011 20:22:33] PHP Notice:  Undefined variable: value in /Users/matt/www/bubble/application/controllers/user/usercontroller.php on line 38
[27-Dec-2011 20:22:33] PHP Notice:  Undefined variable: value in /Users/matt/www/bubble/application/controllers/user/usercontroller.php on line 38
[27-Dec-2011 20:22:33] PHP Notice:  Undefined variable: value in /Users/matt/www/bubble/application/controllers/user/usercontroller.php on line 38
[27-Dec-2011 20:22:33] PHP Notice:  Undefined variable: value in /Users/matt/www/bubble/application/controllers/user/usercontroller.php on line 38
[27-Dec-2011 20:22:33] PHP Notice:  Undefined variable: value in /Users/matt/www/bubble/application/controllers/user/usercontroller.php on line 38
[27-Dec-2011 20:22:34] PHP Notice:  Undefined variable: value in /Users/matt/www/bubble/application/controllers/user/usercontroller.php on line 38
[27-Dec-2011 20:22:34] PHP Notice:  Undefined variable: value in /Users/matt/www/bubble/application/controllers/user/usercontroller.php on line 38
[27-Dec-2011 20:22:34] PHP Notice:  Undefined variable: value in /Users/matt/www/bubble/application/controllers/user/usercontroller.php on line 38
[27-Dec-2011 20:22:34] PHP Notice:  Undefined variable: value in /Users/matt/www/bubble/application/controllers/user/usercontroller.php on line 38
[27-Dec-2011 20:22:34] PHP Notice:  Undefined variable: value in /Users/matt/www/bubble/application/controllers/user/usercontroller.php on line 38
[27-Dec-2011 20:22:35] PHP Notice:  Undefined variable: value in /Users/matt/www/bubble/application/controllers/user/usercontroller.php on line 38
[27-Dec-2011 20:22:35] PHP Notice:  Undefined variable: value in /Users/matt/www/bubble/application/controllers/user/usercontroller.php on line 38
[27-Dec-2011 20:22:35] PHP Notice:  Undefined variable: value in /Users/matt/www/bubble/application/controllers/user/usercontroller.php on line 38
[27-Dec-2011 20:22:35] PHP Notice:  Undefined variable: value in /Users/matt/www/bubble/application/controllers/user/usercontroller.php on line 38
[27-Dec-2011 20:22:36] PHP Notice:  Undefined variable: value in /Users/matt/www/bubble/application/controllers/user/usercontroller.php on line 38
[27-Dec-2011 20:22:36] PHP Notice:  Undefined variable: value in /Users/matt/www/bubble/application/controllers/user/usercontroller.php on line 38
[27-Dec-2011 20:22:36] PHP Notice:  Undefined variable: value in /Users/matt/www/bubble/application/controllers/user/usercontroller.php on line 38
[27-Dec-2011 20:24:45] PHP Notice:  Undefined variable: value in /Users/matt/www/bubble/application/controllers/user/usercontroller.php on line 40
[27-Dec-2011 20:25:21] PHP Notice:  Undefined variable: value in /Users/matt/www/bubble/application/controllers/user/usercontroller.php on line 41
[27-Dec-2011 20:34:13] PHP Notice:  Undefined variable: value in /Users/matt/www/bubble/application/controllers/user/usercontroller.php on line 41
[27-Dec-2011 20:34:19] PHP Notice:  Undefined variable: value in /Users/matt/www/bubble/application/controllers/user/usercontroller.php on line 41
[27-Dec-2011 20:34:19] PHP Notice:  Undefined variable: value in /Users/matt/www/bubble/application/controllers/user/usercontroller.php on line 41
[27-Dec-2011 20:34:19] PHP Notice:  Undefined variable: value in /Users/matt/www/bubble/application/controllers/user/usercontroller.php on line 41
[27-Dec-2011 20:34:19] PHP Notice:  Undefined variable: value in /Users/matt/www/bubble/application/controllers/user/usercontroller.php on line 41
[27-Dec-2011 20:34:20] PHP Notice:  Undefined variable: value in /Users/matt/www/bubble/application/controllers/user/usercontroller.php on line 41
[27-Dec-2011 20:34:22] PHP Notice:  Undefined variable: value in /Users/matt/www/bubble/application/controllers/user/usercontroller.php on line 41
[27-Dec-2011 20:34:22] PHP Notice:  Undefined variable: value in /Users/matt/www/bubble/application/controllers/user/usercontroller.php on line 41
[27-Dec-2011 20:34:23] PHP Notice:  Undefined variable: value in /Users/matt/www/bubble/application/controllers/user/usercontroller.php on line 41
[27-Dec-2011 20:34:23] PHP Notice:  Undefined variable: value in /Users/matt/www/bubble/application/controllers/user/usercontroller.php on line 41
[27-Dec-2011 20:34:23] PHP Notice:  Undefined variable: value in /Users/matt/www/bubble/application/controllers/user/usercontroller.php on line 41
[27-Dec-2011 20:34:24] PHP Notice:  Undefined variable: value in /Users/matt/www/bubble/application/controllers/user/usercontroller.php on line 41
[27-Dec-2011 20:34:24] PHP Notice:  Undefined variable: value in /Users/matt/www/bubble/application/controllers/user/usercontroller.php on line 41
[27-Dec-2011 20:34:24] PHP Notice:  Undefined variable: value in /Users/matt/www/bubble/application/controllers/user/usercontroller.php on line 41
[27-Dec-2011 20:34:24] PHP Notice:  Undefined variable: value in /Users/matt/www/bubble/application/controllers/user/usercontroller.php on line 41
[27-Dec-2011 20:36:28] PHP Notice:  Undefined variable: value in /Users/matt/www/bubble/application/controllers/user/usercontroller.php on line 41
[27-Dec-2011 20:36:28] PHP Notice:  Undefined variable: value in /Users/matt/www/bubble/application/controllers/user/usercontroller.php on line 42
[27-Dec-2011 20:36:29] PHP Notice:  Undefined variable: value in /Users/matt/www/bubble/application/controllers/user/usercontroller.php on line 41
[27-Dec-2011 20:36:29] PHP Notice:  Undefined variable: value in /Users/matt/www/bubble/application/controllers/user/usercontroller.php on line 42
[27-Dec-2011 20:36:29] PHP Notice:  Undefined variable: value in /Users/matt/www/bubble/application/controllers/user/usercontroller.php on line 41
[27-Dec-2011 20:36:29] PHP Notice:  Undefined variable: value in /Users/matt/www/bubble/application/controllers/user/usercontroller.php on line 42
[27-Dec-2011 20:36:40] PHP Notice:  Undefined variable: value in /Users/matt/www/bubble/application/controllers/user/usercontroller.php on line 41
[27-Dec-2011 20:36:40] PHP Notice:  Undefined variable: value in /Users/matt/www/bubble/application/controllers/user/usercontroller.php on line 42
[27-Dec-2011 20:36:42] PHP Notice:  Undefined variable: value in /Users/matt/www/bubble/application/controllers/user/usercontroller.php on line 41
[27-Dec-2011 20:36:42] PHP Notice:  Undefined variable: value in /Users/matt/www/bubble/application/controllers/user/usercontroller.php on line 42
[27-Dec-2011 20:36:42] PHP Notice:  Undefined variable: value in /Users/matt/www/bubble/application/controllers/user/usercontroller.php on line 41
[27-Dec-2011 20:36:42] PHP Notice:  Undefined variable: value in /Users/matt/www/bubble/application/controllers/user/usercontroller.php on line 42
[27-Dec-2011 20:36:42] PHP Notice:  Undefined variable: value in /Users/matt/www/bubble/application/controllers/user/usercontroller.php on line 41
[27-Dec-2011 20:36:42] PHP Notice:  Undefined variable: value in /Users/matt/www/bubble/application/controllers/user/usercontroller.php on line 42
[27-Dec-2011 20:36:43] PHP Notice:  Undefined variable: value in /Users/matt/www/bubble/application/controllers/user/usercontroller.php on line 41
[27-Dec-2011 20:36:43] PHP Notice:  Undefined variable: value in /Users/matt/www/bubble/application/controllers/user/usercontroller.php on line 42
[27-Dec-2011 20:36:45] PHP Notice:  Undefined variable: value in /Users/matt/www/bubble/application/controllers/user/usercontroller.php on line 41
[27-Dec-2011 20:36:45] PHP Notice:  Undefined variable: value in /Users/matt/www/bubble/application/controllers/user/usercontroller.php on line 42
[27-Dec-2011 20:36:50] PHP Notice:  Undefined variable: value in /Users/matt/www/bubble/application/controllers/user/usercontroller.php on line 41
[27-Dec-2011 20:36:50] PHP Notice:  Undefined variable: value in /Users/matt/www/bubble/application/controllers/user/usercontroller.php on line 42
[27-Dec-2011 20:36:50] PHP Notice:  Undefined variable: value in /Users/matt/www/bubble/application/controllers/user/usercontroller.php on line 41
[27-Dec-2011 20:36:50] PHP Notice:  Undefined variable: value in /Users/matt/www/bubble/application/controllers/user/usercontroller.php on line 42
[27-Dec-2011 20:36:50] PHP Notice:  Undefined variable: value in /Users/matt/www/bubble/application/controllers/user/usercontroller.php on line 41
[27-Dec-2011 20:36:50] PHP Notice:  Undefined variable: value in /Users/matt/www/bubble/application/controllers/user/usercontroller.php on line 42
[27-Dec-2011 20:36:50] PHP Notice:  Undefined variable: value in /Users/matt/www/bubble/application/controllers/user/usercontroller.php on line 41
[27-Dec-2011 20:36:50] PHP Notice:  Undefined variable: value in /Users/matt/www/bubble/application/controllers/user/usercontroller.php on line 42
[27-Dec-2011 20:36:50] PHP Notice:  Undefined variable: value in /Users/matt/www/bubble/application/controllers/user/usercontroller.php on line 41
[27-Dec-2011 20:36:50] PHP Notice:  Undefined variable: value in /Users/matt/www/bubble/application/controllers/user/usercontroller.php on line 42
[27-Dec-2011 20:36:50] PHP Notice:  Undefined variable: value in /Users/matt/www/bubble/application/controllers/user/usercontroller.php on line 41
[27-Dec-2011 20:36:50] PHP Notice:  Undefined variable: value in /Users/matt/www/bubble/application/controllers/user/usercontroller.php on line 42
[27-Dec-2011 20:36:50] PHP Notice:  Undefined variable: value in /Users/matt/www/bubble/application/controllers/user/usercontroller.php on line 41
[27-Dec-2011 20:36:50] PHP Notice:  Undefined variable: value in /Users/matt/www/bubble/application/controllers/user/usercontroller.php on line 42
[27-Dec-2011 20:36:50] PHP Notice:  Undefined variable: value in /Users/matt/www/bubble/application/controllers/user/usercontroller.php on line 41
[27-Dec-2011 20:36:50] PHP Notice:  Undefined variable: value in /Users/matt/www/bubble/application/controllers/user/usercontroller.php on line 42
[27-Dec-2011 20:41:32] PHP Notice:  Undefined variable: value in /Users/matt/www/bubble/application/controllers/user/usercontroller.php on line 41
[27-Dec-2011 20:41:32] PHP Notice:  Undefined variable: value in /Users/matt/www/bubble/application/controllers/user/usercontroller.php on line 42
[27-Dec-2011 20:41:32] PHP Notice:  Undefined variable: value in /Users/matt/www/bubble/application/controllers/user/usercontroller.php on line 41
[27-Dec-2011 20:41:32] PHP Notice:  Undefined variable: value in /Users/matt/www/bubble/application/controllers/user/usercontroller.php on line 42
[27-Dec-2011 20:42:24] PHP Notice:  Undefined variable: value in /Users/matt/www/bubble/application/controllers/user/usercontroller.php on line 41
[27-Dec-2011 20:42:24] PHP Notice:  Undefined variable: value in /Users/matt/www/bubble/application/controllers/user/usercontroller.php on line 42
[27-Dec-2011 20:42:55] PHP Notice:  Undefined variable: value in /Users/matt/www/bubble/application/controllers/user/usercontroller.php on line 41
[27-Dec-2011 20:42:55] PHP Notice:  Undefined variable: value in /Users/matt/www/bubble/application/controllers/user/usercontroller.php on line 42
[27-Dec-2011 20:42:55] PHP Notice:  Undefined variable: value in /Users/matt/www/bubble/application/controllers/user/usercontroller.php on line 41
[27-Dec-2011 20:42:55] PHP Notice:  Undefined variable: value in /Users/matt/www/bubble/application/controllers/user/usercontroller.php on line 42
[27-Dec-2011 20:43:09] PHP Notice:  Undefined variable: value in /Users/matt/www/bubble/application/controllers/user/usercontroller.php on line 41
[27-Dec-2011 20:43:09] PHP Notice:  Undefined variable: value in /Users/matt/www/bubble/application/controllers/user/usercontroller.php on line 42
[27-Dec-2011 20:43:12] PHP Notice:  Undefined variable: value in /Users/matt/www/bubble/application/controllers/user/usercontroller.php on line 41
[27-Dec-2011 20:43:12] PHP Notice:  Undefined variable: value in /Users/matt/www/bubble/application/controllers/user/usercontroller.php on line 42
[27-Dec-2011 20:43:12] PHP Notice:  Undefined variable: value in /Users/matt/www/bubble/application/controllers/user/usercontroller.php on line 41
[27-Dec-2011 20:43:12] PHP Notice:  Undefined variable: value in /Users/matt/www/bubble/application/controllers/user/usercontroller.php on line 42
[27-Dec-2011 20:43:13] PHP Notice:  Undefined variable: value in /Users/matt/www/bubble/application/controllers/user/usercontroller.php on line 41
[27-Dec-2011 20:43:13] PHP Notice:  Undefined variable: value in /Users/matt/www/bubble/application/controllers/user/usercontroller.php on line 42
[27-Dec-2011 20:43:13] PHP Notice:  Undefined variable: value in /Users/matt/www/bubble/application/controllers/user/usercontroller.php on line 41
[27-Dec-2011 20:43:13] PHP Notice:  Undefined variable: value in /Users/matt/www/bubble/application/controllers/user/usercontroller.php on line 42
[27-Dec-2011 20:43:13] PHP Notice:  Undefined variable: value in /Users/matt/www/bubble/application/controllers/user/usercontroller.php on line 41
[27-Dec-2011 20:43:13] PHP Notice:  Undefined variable: value in /Users/matt/www/bubble/application/controllers/user/usercontroller.php on line 42
[27-Dec-2011 20:43:23] PHP Notice:  Undefined variable: value in /Users/matt/www/bubble/application/controllers/user/usercontroller.php on line 41
[27-Dec-2011 20:43:23] PHP Notice:  Undefined variable: value in /Users/matt/www/bubble/application/controllers/user/usercontroller.php on line 42
[27-Dec-2011 20:43:28] PHP Notice:  Undefined variable: value in /Users/matt/www/bubble/application/controllers/user/usercontroller.php on line 41
[27-Dec-2011 20:43:28] PHP Notice:  Undefined variable: value in /Users/matt/www/bubble/application/controllers/user/usercontroller.php on line 42
[27-Dec-2011 20:43:46] PHP Notice:  Undefined variable: value in /Users/matt/www/bubble/application/controllers/user/usercontroller.php on line 41
[27-Dec-2011 20:43:46] PHP Notice:  Undefined variable: value in /Users/matt/www/bubble/application/controllers/user/usercontroller.php on line 42
[27-Dec-2011 20:43:53] PHP Notice:  Undefined variable: value in /Users/matt/www/bubble/application/controllers/user/usercontroller.php on line 41
[27-Dec-2011 20:43:53] PHP Notice:  Undefined variable: value in /Users/matt/www/bubble/application/controllers/user/usercontroller.php on line 42
[27-Dec-2011 20:43:54] PHP Notice:  Undefined variable: value in /Users/matt/www/bubble/application/controllers/user/usercontroller.php on line 41
[27-Dec-2011 20:43:54] PHP Notice:  Undefined variable: value in /Users/matt/www/bubble/application/controllers/user/usercontroller.php on line 42
[27-Dec-2011 20:43:54] PHP Notice:  Undefined variable: value in /Users/matt/www/bubble/application/controllers/user/usercontroller.php on line 41
[27-Dec-2011 20:43:54] PHP Notice:  Undefined variable: value in /Users/matt/www/bubble/application/controllers/user/usercontroller.php on line 42
[27-Dec-2011 20:44:45] PHP Notice:  Undefined variable: value in /Users/matt/www/bubble/application/controllers/user/usercontroller.php on line 41
[27-Dec-2011 20:44:45] PHP Notice:  Undefined variable: value in /Users/matt/www/bubble/application/controllers/user/usercontroller.php on line 42
[27-Dec-2011 20:44:45] PHP Notice:  Undefined variable: value in /Users/matt/www/bubble/application/controllers/user/usercontroller.php on line 41
[27-Dec-2011 20:44:45] PHP Notice:  Undefined variable: value in /Users/matt/www/bubble/application/controllers/user/usercontroller.php on line 42
[27-Dec-2011 20:44:58] PHP Notice:  Undefined variable: value in /Users/matt/www/bubble/application/controllers/user/usercontroller.php on line 41
[27-Dec-2011 20:44:58] PHP Notice:  Undefined variable: value in /Users/matt/www/bubble/application/controllers/user/usercontroller.php on line 42
[27-Dec-2011 20:44:58] PHP Notice:  Undefined variable: value in /Users/matt/www/bubble/application/controllers/user/usercontroller.php on line 41
[27-Dec-2011 20:44:58] PHP Notice:  Undefined variable: value in /Users/matt/www/bubble/application/controllers/user/usercontroller.php on line 42
[27-Dec-2011 20:45:12] PHP Notice:  Undefined variable: value in /Users/matt/www/bubble/application/controllers/user/usercontroller.php on line 41
[27-Dec-2011 20:45:12] PHP Notice:  Undefined variable: value in /Users/matt/www/bubble/application/controllers/user/usercontroller.php on line 42
[27-Dec-2011 20:45:12] PHP Notice:  Undefined variable: value in /Users/matt/www/bubble/application/controllers/user/usercontroller.php on line 41
[27-Dec-2011 20:45:12] PHP Notice:  Undefined variable: value in /Users/matt/www/bubble/application/controllers/user/usercontroller.php on line 42
[27-Dec-2011 20:45:12] PHP Notice:  Undefined variable: value in /Users/matt/www/bubble/application/controllers/user/usercontroller.php on line 41
[27-Dec-2011 20:45:12] PHP Notice:  Undefined variable: value in /Users/matt/www/bubble/application/controllers/user/usercontroller.php on line 42
[27-Dec-2011 20:45:15] PHP Notice:  Undefined variable: value in /Users/matt/www/bubble/application/controllers/user/usercontroller.php on line 41
[27-Dec-2011 20:45:15] PHP Notice:  Undefined variable: value in /Users/matt/www/bubble/application/controllers/user/usercontroller.php on line 42
[27-Dec-2011 20:45:15] PHP Notice:  Undefined variable: value in /Users/matt/www/bubble/application/controllers/user/usercontroller.php on line 41
[27-Dec-2011 20:45:15] PHP Notice:  Undefined variable: value in /Users/matt/www/bubble/application/controllers/user/usercontroller.php on line 42
[27-Dec-2011 20:45:15] PHP Notice:  Undefined variable: value in /Users/matt/www/bubble/application/controllers/user/usercontroller.php on line 41
[27-Dec-2011 20:45:15] PHP Notice:  Undefined variable: value in /Users/matt/www/bubble/application/controllers/user/usercontroller.php on line 42
[27-Dec-2011 20:45:29] PHP Notice:  Undefined variable: value in /Users/matt/www/bubble/application/controllers/user/usercontroller.php on line 41
[27-Dec-2011 20:45:29] PHP Notice:  Undefined variable: value in /Users/matt/www/bubble/application/controllers/user/usercontroller.php on line 42
[27-Dec-2011 20:45:33] PHP Notice:  Undefined variable: value in /Users/matt/www/bubble/application/controllers/user/usercontroller.php on line 41
[27-Dec-2011 20:45:33] PHP Notice:  Undefined variable: value in /Users/matt/www/bubble/application/controllers/user/usercontroller.php on line 42
[27-Dec-2011 20:45:33] PHP Notice:  Undefined variable: value in /Users/matt/www/bubble/application/controllers/user/usercontroller.php on line 41
[27-Dec-2011 20:45:33] PHP Notice:  Undefined variable: value in /Users/matt/www/bubble/application/controllers/user/usercontroller.php on line 42
[27-Dec-2011 20:45:35] PHP Notice:  Undefined variable: value in /Users/matt/www/bubble/application/controllers/user/usercontroller.php on line 41
[27-Dec-2011 20:45:35] PHP Notice:  Undefined variable: value in /Users/matt/www/bubble/application/controllers/user/usercontroller.php on line 42
[27-Dec-2011 20:45:53] PHP Notice:  Undefined variable: value in /Users/matt/www/bubble/application/controllers/user/usercontroller.php on line 41
[27-Dec-2011 20:45:53] PHP Notice:  Undefined variable: value in /Users/matt/www/bubble/application/controllers/user/usercontroller.php on line 41
[27-Dec-2011 20:45:59] PHP Notice:  Undefined variable: value in /Users/matt/www/bubble/application/controllers/user/usercontroller.php on line 41
[27-Dec-2011 20:46:19] PHP Notice:  Undefined variable: value in /Users/matt/www/bubble/application/controllers/user/usercontroller.php on line 41
[27-Dec-2011 20:46:24] PHP Notice:  Undefined variable: value in /Users/matt/www/bubble/application/controllers/user/usercontroller.php on line 41
[27-Dec-2011 20:46:28] PHP Notice:  Undefined variable: value in /Users/matt/www/bubble/application/controllers/user/usercontroller.php on line 41
[27-Dec-2011 20:47:29] PHP Notice:  Undefined variable: value in /Users/matt/www/bubble/application/controllers/user/usercontroller.php on line 43
[27-Dec-2011 20:49:16] PHP Notice:  Undefined variable: value in /Users/matt/www/bubble/application/controllers/user/usercontroller.php on line 39
[27-Dec-2011 21:21:29] PHP Notice:  Undefined offset: 1 in /Users/matt/www/bubble/application/controllers/user/usercontroller.php on line 25
[27-Dec-2011 21:21:29] PHP Notice:  Undefined offset: 1 in /Users/matt/www/bubble/application/controllers/user/usercontroller.php on line 25
[27-Dec-2011 21:21:31] PHP Notice:  Undefined offset: 1 in /Users/matt/www/bubble/application/controllers/user/usercontroller.php on line 25
[27-Dec-2011 21:21:38] PHP Notice:  Undefined offset: 1 in /Users/matt/www/bubble/application/controllers/user/usercontroller.php on line 25
[27-Dec-2011 21:36:29] PHP Notice:  Undefined offset: 1 in /Users/matt/www/bubble/application/controllers/user/usercontroller.php on line 25
[28-Dec-2011 16:05:08] PHP Notice:  Undefined variable: form_title in /Users/matt/www/bubble/application/views/task/index.phtml on line 1
[28-Dec-2011 16:05:08] PHP Catchable fatal error:  Object of class Form could not be converted to string in /Users/matt/www/bubble/application/views/task/index.phtml on line 3
[28-Dec-2011 16:05:30] PHP Notice:  Undefined variable: form_title in /Users/matt/www/bubble/application/views/subtask/sub.phtml on line 1
[28-Dec-2011 16:05:30] PHP Catchable fatal error:  Object of class Form could not be converted to string in /Users/matt/www/bubble/application/views/subtask/sub.phtml on line 2
[06-Jan-2012 03:07:36] PHP Fatal error:  Class 'TaskController' not found in /Users/matt/www/frameworkcore/lib/framework/util/brain.php on line 134
[06-Jan-2012 03:07:43] PHP Fatal error:  Class 'TaskController' not found in /Users/matt/www/frameworkcore/lib/framework/util/brain.php on line 134
[06-Jan-2012 03:08:26] PHP Fatal error:  Class 'TaskController' not found in /Users/matt/www/frameworkcore/lib/framework/util/brain.php on line 134
[06-Jan-2012 03:08:44] PHP Fatal error:  Class 'TaskController' not found in /Users/matt/www/frameworkcore/lib/framework/util/brain.php on line 134
[06-Jan-2012 03:08:44] PHP Fatal error:  Class 'Favicon.icoController' not found in /Users/matt/www/frameworkcore/lib/framework/util/brain.php on line 134
[06-Jan-2012 03:09:11] PHP Fatal error:  Class 'TaskController' not found in /Users/matt/www/frameworkcore/lib/framework/util/brain.php on line 134
[06-Jan-2012 03:09:13] PHP Fatal error:  Class 'TaskController' not found in /Users/matt/www/frameworkcore/lib/framework/util/brain.php on line 134
[06-Jan-2012 03:09:23] PHP Fatal error:  Class 'TaskController' not found in /Users/matt/www/frameworkcore/lib/framework/util/brain.php on line 134
[06-Jan-2012 03:09:28] PHP Fatal error:  Class 'TaskController' not found in /Users/matt/www/frameworkcore/lib/framework/util/brain.php on line 134
[06-Jan-2012 03:10:36] PHP Fatal error:  Class 'TaskController' not found in /Users/matt/www/frameworkcore/lib/framework/util/brain.php on line 134
